

Started GET "/" for 127.0.0.1 at 2016-11-15 19:07:03 -0600

ActiveRecord::PendingMigrationError (

Migrations are pending. To resolve this issue, run:

	bin/rake db:migrate RAILS_ENV=development

):
  activerecord (4.2.0) lib/active_record/migration.rb:393:in `check_pending!'
  activerecord (4.2.0) lib/active_record/migration.rb:374:in `call'
  actionpack (4.2.0) lib/action_dispatch/middleware/callbacks.rb:29:in `block in call'
  activesupport (4.2.0) lib/active_support/callbacks.rb:88:in `_run_callbacks'
  activesupport (4.2.0) lib/active_support/callbacks.rb:734:in `_run_call_callbacks'
  activesupport (4.2.0) lib/active_support/callbacks.rb:81:in `run_callbacks'
  actionpack (4.2.0) lib/action_dispatch/middleware/callbacks.rb:27:in `call'
  actionpack (4.2.0) lib/action_dispatch/middleware/reloader.rb:73:in `call'
  actionpack (4.2.0) lib/action_dispatch/middleware/remote_ip.rb:78:in `call'
  actionpack (4.2.0) lib/action_dispatch/middleware/debug_exceptions.rb:17:in `call'
  web-console (2.3.0) lib/web_console/middleware.rb:28:in `block in call'
  web-console (2.3.0) lib/web_console/middleware.rb:18:in `catch'
  web-console (2.3.0) lib/web_console/middleware.rb:18:in `call'
  actionpack (4.2.0) lib/action_dispatch/middleware/show_exceptions.rb:30:in `call'
  railties (4.2.0) lib/rails/rack/logger.rb:38:in `call_app'
  railties (4.2.0) lib/rails/rack/logger.rb:20:in `block in call'
  activesupport (4.2.0) lib/active_support/tagged_logging.rb:68:in `block in tagged'
  activesupport (4.2.0) lib/active_support/tagged_logging.rb:26:in `tagged'
  activesupport (4.2.0) lib/active_support/tagged_logging.rb:68:in `tagged'
  railties (4.2.0) lib/rails/rack/logger.rb:20:in `call'
  actionpack (4.2.0) lib/action_dispatch/middleware/request_id.rb:21:in `call'
  rack (1.6.5) lib/rack/methodoverride.rb:22:in `call'
  rack (1.6.5) lib/rack/runtime.rb:18:in `call'
  activesupport (4.2.0) lib/active_support/cache/strategy/local_cache_middleware.rb:28:in `call'
  rack (1.6.5) lib/rack/lock.rb:17:in `call'
  actionpack (4.2.0) lib/action_dispatch/middleware/static.rb:113:in `call'
  rack (1.6.5) lib/rack/sendfile.rb:113:in `call'
  railties (4.2.0) lib/rails/engine.rb:518:in `call'
  railties (4.2.0) lib/rails/application.rb:164:in `call'
  rack (1.6.5) lib/rack/lock.rb:17:in `call'
  rack (1.6.5) lib/rack/content_length.rb:15:in `call'
  rack (1.6.5) lib/rack/handler/webrick.rb:88:in `service'
  /usr/lib/ruby/2.3.0/webrick/httpserver.rb:140:in `service'
  /usr/lib/ruby/2.3.0/webrick/httpserver.rb:96:in `run'
  /usr/lib/ruby/2.3.0/webrick/server.rb:296:in `block in start_thread'


  Rendered /var/lib/gems/2.3.0/gems/actionpack-4.2.0/lib/action_dispatch/middleware/templates/rescues/_source.erb (3.1ms)
  Rendered /var/lib/gems/2.3.0/gems/actionpack-4.2.0/lib/action_dispatch/middleware/templates/rescues/_trace.html.erb (1.7ms)
  Rendered /var/lib/gems/2.3.0/gems/actionpack-4.2.0/lib/action_dispatch/middleware/templates/rescues/_request_and_response.html.erb (1.1ms)
  Rendered /var/lib/gems/2.3.0/gems/actionpack-4.2.0/lib/action_dispatch/middleware/templates/rescues/diagnostics.html.erb within rescues/layout (21.8ms)
  Rendered /var/lib/gems/2.3.0/gems/web-console-2.3.0/lib/web_console/templates/_markup.html.erb (0.7ms)
  Rendered /var/lib/gems/2.3.0/gems/web-console-2.3.0/lib/web_console/templates/_inner_console_markup.html.erb within layouts/inlined_string (0.6ms)
  Rendered /var/lib/gems/2.3.0/gems/web-console-2.3.0/lib/web_console/templates/_prompt_box_markup.html.erb within layouts/inlined_string (0.4ms)
  Rendered /var/lib/gems/2.3.0/gems/web-console-2.3.0/lib/web_console/templates/style.css.erb within layouts/inlined_string (0.3ms)
  Rendered /var/lib/gems/2.3.0/gems/web-console-2.3.0/lib/web_console/templates/console.js.erb within layouts/javascript (33.2ms)
  Rendered /var/lib/gems/2.3.0/gems/web-console-2.3.0/lib/web_console/templates/main.js.erb within layouts/javascript (0.4ms)
  Rendered /var/lib/gems/2.3.0/gems/web-console-2.3.0/lib/web_console/templates/error_page.js.erb within layouts/javascript (0.5ms)
  Rendered /var/lib/gems/2.3.0/gems/web-console-2.3.0/lib/web_console/templates/index.html.erb (75.9ms)
  [1m[36m (125.0ms)[0m  [1mCREATE TABLE "schema_migrations" ("version" varchar NOT NULL) [0m
  [1m[35m (0.1ms)[0m  select sqlite_version(*)
  [1m[36m (99.9ms)[0m  [1mCREATE UNIQUE INDEX "unique_schema_migrations" ON "schema_migrations" ("version")[0m
  [1m[35mActiveRecord::SchemaMigration Load (0.3ms)[0m  SELECT "schema_migrations".* FROM "schema_migrations"
Migrating to CreateAnimalTypes (20161115034138)
  [1m[36m (0.1ms)[0m  [1mbegin transaction[0m
  [1m[35m (0.5ms)[0m  CREATE TABLE "animal_types" ("id" INTEGER PRIMARY KEY AUTOINCREMENT NOT NULL, "name" varchar, "created_at" datetime NOT NULL, "updated_at" datetime NOT NULL) 
  [1m[36mSQL (0.2ms)[0m  [1mINSERT INTO "schema_migrations" ("version") VALUES (?)[0m  [["version", "20161115034138"]]
  [1m[35m (95.4ms)[0m  commit transaction
Migrating to CreateAnimals (20161115034404)
  [1m[36m (0.1ms)[0m  [1mbegin transaction[0m
  [1m[35m (0.2ms)[0m  CREATE TABLE "animals" ("id" INTEGER PRIMARY KEY AUTOINCREMENT NOT NULL, "name" varchar, "animal_type_id" integer, "created_at" datetime NOT NULL, "updated_at" datetime NOT NULL) 
  [1m[36m (0.1ms)[0m  [1mCREATE  INDEX "index_animals_on_animal_type_id" ON "animals" ("animal_type_id")[0m
  [1m[35mSQL (0.1ms)[0m  INSERT INTO "schema_migrations" ("version") VALUES (?)  [["version", "20161115034404"]]
  [1m[36m (98.2ms)[0m  [1mcommit transaction[0m
Migrating to CreateZologicos (20161116010306)
  [1m[35m (0.1ms)[0m  begin transaction
  [1m[36m (0.3ms)[0m  [1mCREATE TABLE "zologicos" ("id" INTEGER PRIMARY KEY AUTOINCREMENT NOT NULL, "name" varchar, "created_at" datetime NOT NULL, "updated_at" datetime NOT NULL) [0m
  [1m[35mSQL (0.1ms)[0m  INSERT INTO "schema_migrations" ("version") VALUES (?)  [["version", "20161116010306"]]
  [1m[36m (98.3ms)[0m  [1mcommit transaction[0m
  [1m[35mActiveRecord::SchemaMigration Load (0.1ms)[0m  SELECT "schema_migrations".* FROM "schema_migrations"
  [1m[36m (0.1ms)[0m  [1m            SELECT sql
            FROM sqlite_master
            WHERE name='index_animals_on_animal_type_id' AND type='index'
            UNION ALL
            SELECT sql
            FROM sqlite_temp_master
            WHERE name='index_animals_on_animal_type_id' AND type='index'
[0m


Started GET "/" for 127.0.0.1 at 2016-11-15 19:12:13 -0600
  [1m[36mActiveRecord::SchemaMigration Load (0.2ms)[0m  [1mSELECT "schema_migrations".* FROM "schema_migrations"[0m
Processing by ZologicosController#index as HTML
  [1m[35mZologico Load (0.2ms)[0m  SELECT "zologicos".* FROM "zologicos"
  Rendered zologicos/index.html.erb within layouts/application (3.2ms)
Completed 200 OK in 1830ms (Views: 1819.2ms | ActiveRecord: 0.3ms)


Started GET "/assets/pages.self-e3b0c44298fc1c149afbf4c8996fb92427ae41e4649b934ca495991b7852b855.css?body=1" for 127.0.0.1 at 2016-11-15 19:12:15 -0600


Started GET "/assets/jquery.self-bd7ddd393353a8d2480a622e80342adf488fb6006d667e8b42e4c0073393abee.js?body=1" for 127.0.0.1 at 2016-11-15 19:12:15 -0600


Started GET "/assets/zologicos.self-e3b0c44298fc1c149afbf4c8996fb92427ae41e4649b934ca495991b7852b855.css?body=1" for 127.0.0.1 at 2016-11-15 19:12:15 -0600


Started GET "/assets/scaffolds.self-ed6ea14ede6ace93a7eb70ad6e35886c53a136310e9931e43965047f10c2b73c.css?body=1" for 127.0.0.1 at 2016-11-15 19:12:15 -0600


Started GET "/assets/jquery_ujs.self-784a997f6726036b1993eb2217c9cb558e1cbb801c6da88105588c56f13b466a.js?body=1" for 127.0.0.1 at 2016-11-15 19:12:15 -0600


Started GET "/assets/application.self-e80e8f2318043e8af94dddc2adad5a4f09739a8ebb323b3ab31cd71d45fd9113.css?body=1" for 127.0.0.1 at 2016-11-15 19:12:15 -0600


Started GET "/assets/turbolinks.self-c5acd7a204f5f25ce7a1d8a0e4d92e28d34c9e2df2c7371cd7af88e147e4ad82.js?body=1" for 127.0.0.1 at 2016-11-15 19:12:15 -0600


Started GET "/assets/pages.self-877aef30ae1b040ab8a3aba4e3e309a11d7f2612f44dde450b5c157aa5f95c05.js?body=1" for 127.0.0.1 at 2016-11-15 19:12:15 -0600


Started GET "/assets/zologicos.self-877aef30ae1b040ab8a3aba4e3e309a11d7f2612f44dde450b5c157aa5f95c05.js?body=1" for 127.0.0.1 at 2016-11-15 19:12:15 -0600


Started GET "/assets/application.self-3a3c8b61bda630ee689740ce7cbd0dd8ea6fdd45e2c42eef4661ab38cf268afe.js?body=1" for 127.0.0.1 at 2016-11-15 19:12:15 -0600


Started GET "/zologicos/new" for 127.0.0.1 at 2016-11-15 19:12:17 -0600
Processing by ZologicosController#new as HTML
  Rendered zologicos/_form.html.erb (18.2ms)
  Rendered zologicos/new.html.erb within layouts/application (23.3ms)
Completed 200 OK in 47ms (Views: 40.3ms | ActiveRecord: 0.5ms)


Started POST "/zologicos" for 127.0.0.1 at 2016-11-15 19:12:22 -0600
Processing by ZologicosController#create as HTML
  Parameters: {"utf8"=>"✓", "authenticity_token"=>"Wf6bZT+LwMRIzSQfbsCOkhvvCibdbhv/1aPkjrLNDyYUGlqMlZAzQ+jMiz14+I5CAGJAJcqsNQw5kCPuJCEiPw==", "zologico"=>{"name"=>"changos"}, "commit"=>"Create Zologico"}
  [1m[36m (0.1ms)[0m  [1mbegin transaction[0m
  [1m[35mSQL (0.4ms)[0m  INSERT INTO "zologicos" ("name", "created_at", "updated_at") VALUES (?, ?, ?)  [["name", "changos"], ["created_at", "2016-11-16 01:12:22.062711"], ["updated_at", "2016-11-16 01:12:22.062711"]]
  [1m[36m (182.3ms)[0m  [1mcommit transaction[0m
Redirected to http://localhost:3000/zologicos/1
Completed 302 Found in 191ms (ActiveRecord: 182.8ms)


Started GET "/zologicos/1" for 127.0.0.1 at 2016-11-15 19:12:22 -0600
Processing by ZologicosController#show as HTML
  Parameters: {"id"=>"1"}
  [1m[35mZologico Load (0.2ms)[0m  SELECT  "zologicos".* FROM "zologicos" WHERE "zologicos"."id" = ? LIMIT 1  [["id", 1]]
  Rendered zologicos/show.html.erb within layouts/application (0.9ms)
Completed 200 OK in 26ms (Views: 19.4ms | ActiveRecord: 0.2ms)


Started GET "/zologicos" for 127.0.0.1 at 2016-11-15 19:12:24 -0600
Processing by ZologicosController#index as HTML
  [1m[36mZologico Load (0.2ms)[0m  [1mSELECT "zologicos".* FROM "zologicos"[0m
  Rendered zologicos/index.html.erb within layouts/application (33.3ms)
Completed 500 Internal Server Error in 36ms

ActionView::Template::Error (undefined local variable or method `animal' for #<#<Class:0x00000003c34670>:0x007fc4996a67f0>):
    13:   <tbody>
    14:     <% @zologicos.each do |zologico| %>
    15:       <tr>
    16:       <td><%=animal.name =%> | <%= animal.type =%> </td>
    17:         <td><%= zologico.name %></td>
    18:         <td><%= link_to 'Show', zologico %></td>
    19:         <td><%= link_to 'Edit', edit_zologico_path(zologico) %></td>
  app/views/zologicos/index.html.erb:16:in `block in _app_views_zologicos_index_html_erb__4023692707372013676_31264580'
  app/views/zologicos/index.html.erb:14:in `_app_views_zologicos_index_html_erb__4023692707372013676_31264580'


  Rendered /var/lib/gems/2.3.0/gems/actionpack-4.2.0/lib/action_dispatch/middleware/templates/rescues/_source.erb (7.4ms)
  Rendered /var/lib/gems/2.3.0/gems/actionpack-4.2.0/lib/action_dispatch/middleware/templates/rescues/_trace.html.erb (2.9ms)
  Rendered /var/lib/gems/2.3.0/gems/actionpack-4.2.0/lib/action_dispatch/middleware/templates/rescues/_request_and_response.html.erb (1.4ms)
  Rendered /var/lib/gems/2.3.0/gems/actionpack-4.2.0/lib/action_dispatch/middleware/templates/rescues/template_error.html.erb within rescues/layout (25.2ms)
  Rendered /var/lib/gems/2.3.0/gems/web-console-2.3.0/lib/web_console/templates/_markup.html.erb (0.3ms)
  Rendered /var/lib/gems/2.3.0/gems/web-console-2.3.0/lib/web_console/templates/_inner_console_markup.html.erb within layouts/inlined_string (0.3ms)
  Rendered /var/lib/gems/2.3.0/gems/web-console-2.3.0/lib/web_console/templates/_prompt_box_markup.html.erb within layouts/inlined_string (0.4ms)
  Rendered /var/lib/gems/2.3.0/gems/web-console-2.3.0/lib/web_console/templates/style.css.erb within layouts/inlined_string (0.3ms)
  Rendered /var/lib/gems/2.3.0/gems/web-console-2.3.0/lib/web_console/templates/console.js.erb within layouts/javascript (16.1ms)
  Rendered /var/lib/gems/2.3.0/gems/web-console-2.3.0/lib/web_console/templates/main.js.erb within layouts/javascript (0.3ms)
  Rendered /var/lib/gems/2.3.0/gems/web-console-2.3.0/lib/web_console/templates/error_page.js.erb within layouts/javascript (0.4ms)
  Rendered /var/lib/gems/2.3.0/gems/web-console-2.3.0/lib/web_console/templates/index.html.erb (31.8ms)


Started GET "/" for 127.0.0.1 at 2016-11-15 19:19:11 -0600
Processing by ZologicosController#index as HTML
  [1m[35mZologico Load (0.2ms)[0m  SELECT "zologicos".* FROM "zologicos"
  Rendered zologicos/index.html.erb within layouts/application (33.8ms)
Completed 500 Internal Server Error in 36ms

ActionView::Template::Error (undefined local variable or method `animal' for #<#<Class:0x00000003c34670>:0x007fc48c4af058>):
    13:   <tbody>
    14:     <% @zologicos.each do |zologico| %>
    15:       <tr>
    16:       <td><%=animal.name =%> | <%= animal.type =%> </td>
    17:         <td><%= zologico.name %></td>
    18:         <td><%= link_to 'Show', zologico %></td>
    19:         <td><%= link_to 'Edit', edit_zologico_path(zologico) %></td>
  app/views/zologicos/index.html.erb:16:in `block in _app_views_zologicos_index_html_erb__4023692707372013676_31264580'
  app/views/zologicos/index.html.erb:14:in `_app_views_zologicos_index_html_erb__4023692707372013676_31264580'


  Rendered /var/lib/gems/2.3.0/gems/actionpack-4.2.0/lib/action_dispatch/middleware/templates/rescues/_source.erb (6.9ms)
  Rendered /var/lib/gems/2.3.0/gems/actionpack-4.2.0/lib/action_dispatch/middleware/templates/rescues/_trace.html.erb (2.7ms)
  Rendered /var/lib/gems/2.3.0/gems/actionpack-4.2.0/lib/action_dispatch/middleware/templates/rescues/_request_and_response.html.erb (0.8ms)
  Rendered /var/lib/gems/2.3.0/gems/actionpack-4.2.0/lib/action_dispatch/middleware/templates/rescues/template_error.html.erb within rescues/layout (23.8ms)
  Rendered /var/lib/gems/2.3.0/gems/web-console-2.3.0/lib/web_console/templates/_markup.html.erb (0.3ms)
  Rendered /var/lib/gems/2.3.0/gems/web-console-2.3.0/lib/web_console/templates/_inner_console_markup.html.erb within layouts/inlined_string (0.3ms)
  Rendered /var/lib/gems/2.3.0/gems/web-console-2.3.0/lib/web_console/templates/_prompt_box_markup.html.erb within layouts/inlined_string (1.0ms)
  Rendered /var/lib/gems/2.3.0/gems/web-console-2.3.0/lib/web_console/templates/style.css.erb within layouts/inlined_string (0.4ms)
  Rendered /var/lib/gems/2.3.0/gems/web-console-2.3.0/lib/web_console/templates/console.js.erb within layouts/javascript (16.5ms)
  Rendered /var/lib/gems/2.3.0/gems/web-console-2.3.0/lib/web_console/templates/main.js.erb within layouts/javascript (0.2ms)
  Rendered /var/lib/gems/2.3.0/gems/web-console-2.3.0/lib/web_console/templates/error_page.js.erb within layouts/javascript (0.4ms)
  Rendered /var/lib/gems/2.3.0/gems/web-console-2.3.0/lib/web_console/templates/index.html.erb (31.5ms)


Started GET "/" for 127.0.0.1 at 2016-11-15 19:19:23 -0600
  [1m[36mActiveRecord::SchemaMigration Load (0.1ms)[0m  [1mSELECT "schema_migrations".* FROM "schema_migrations"[0m
Processing by ZologicosController#index as HTML
  [1m[35mZologico Load (0.2ms)[0m  SELECT "zologicos".* FROM "zologicos"
  Rendered zologicos/index.html.erb within layouts/application (32.3ms)
Completed 500 Internal Server Error in 50ms

ActionView::Template::Error (undefined local variable or method `animal' for #<#<Class:0x00000002f1ea80>:0x00000002f0c1a0>):
    13:   <tbody>
    14:     <% @zologicos.each do |zologico| %>
    15:       <tr>
    16:       <td><%=animal.name =%> | <%= animal.type =%> </td>
    17:         <td><%= zologico.name %></td>
    18:         <td><%= link_to 'Show', zologico %></td>
    19:         <td><%= link_to 'Edit', edit_zologico_path(zologico) %></td>
  app/views/zologicos/index.html.erb:16:in `block in _app_views_zologicos_index_html_erb___3475992249296517223_24400580'
  app/views/zologicos/index.html.erb:14:in `_app_views_zologicos_index_html_erb___3475992249296517223_24400580'


  Rendered /var/lib/gems/2.3.0/gems/actionpack-4.2.0/lib/action_dispatch/middleware/templates/rescues/_source.erb (8.3ms)
  Rendered /var/lib/gems/2.3.0/gems/actionpack-4.2.0/lib/action_dispatch/middleware/templates/rescues/_trace.html.erb (6.9ms)
  Rendered /var/lib/gems/2.3.0/gems/actionpack-4.2.0/lib/action_dispatch/middleware/templates/rescues/_request_and_response.html.erb (1.0ms)
  Rendered /var/lib/gems/2.3.0/gems/actionpack-4.2.0/lib/action_dispatch/middleware/templates/rescues/template_error.html.erb within rescues/layout (30.0ms)
  Rendered /var/lib/gems/2.3.0/gems/web-console-2.3.0/lib/web_console/templates/_markup.html.erb (0.4ms)
  Rendered /var/lib/gems/2.3.0/gems/web-console-2.3.0/lib/web_console/templates/_inner_console_markup.html.erb within layouts/inlined_string (0.4ms)
  Rendered /var/lib/gems/2.3.0/gems/web-console-2.3.0/lib/web_console/templates/_prompt_box_markup.html.erb within layouts/inlined_string (0.2ms)
  Rendered /var/lib/gems/2.3.0/gems/web-console-2.3.0/lib/web_console/templates/style.css.erb within layouts/inlined_string (0.3ms)
  Rendered /var/lib/gems/2.3.0/gems/web-console-2.3.0/lib/web_console/templates/console.js.erb within layouts/javascript (19.8ms)
  Rendered /var/lib/gems/2.3.0/gems/web-console-2.3.0/lib/web_console/templates/main.js.erb within layouts/javascript (0.2ms)
  Rendered /var/lib/gems/2.3.0/gems/web-console-2.3.0/lib/web_console/templates/error_page.js.erb within layouts/javascript (0.4ms)
  Rendered /var/lib/gems/2.3.0/gems/web-console-2.3.0/lib/web_console/templates/index.html.erb (37.3ms)


Started GET "/zologicos" for 127.0.0.1 at 2016-11-15 19:19:29 -0600
Processing by ZologicosController#index as HTML
  [1m[36mZologico Load (0.3ms)[0m  [1mSELECT "zologicos".* FROM "zologicos"[0m
  Rendered zologicos/index.html.erb within layouts/application (33.0ms)
Completed 500 Internal Server Error in 35ms

ActionView::Template::Error (undefined local variable or method `animal' for #<#<Class:0x00000002f1ea80>:0x000000049f4328>):
    13:   <tbody>
    14:     <% @zologicos.each do |zologico| %>
    15:       <tr>
    16:       <td><%=animal.name =%> | <%= animal.type =%> </td>
    17:         <td><%= zologico.name %></td>
    18:         <td><%= link_to 'Show', zologico %></td>
    19:         <td><%= link_to 'Edit', edit_zologico_path(zologico) %></td>
  app/views/zologicos/index.html.erb:16:in `block in _app_views_zologicos_index_html_erb___3475992249296517223_24400580'
  app/views/zologicos/index.html.erb:14:in `_app_views_zologicos_index_html_erb___3475992249296517223_24400580'


  Rendered /var/lib/gems/2.3.0/gems/actionpack-4.2.0/lib/action_dispatch/middleware/templates/rescues/_source.erb (8.4ms)
  Rendered /var/lib/gems/2.3.0/gems/actionpack-4.2.0/lib/action_dispatch/middleware/templates/rescues/_trace.html.erb (3.2ms)
  Rendered /var/lib/gems/2.3.0/gems/actionpack-4.2.0/lib/action_dispatch/middleware/templates/rescues/_request_and_response.html.erb (1.1ms)
  Rendered /var/lib/gems/2.3.0/gems/actionpack-4.2.0/lib/action_dispatch/middleware/templates/rescues/template_error.html.erb within rescues/layout (26.7ms)
  Rendered /var/lib/gems/2.3.0/gems/web-console-2.3.0/lib/web_console/templates/_markup.html.erb (0.6ms)
  Rendered /var/lib/gems/2.3.0/gems/web-console-2.3.0/lib/web_console/templates/_inner_console_markup.html.erb within layouts/inlined_string (0.5ms)
  Rendered /var/lib/gems/2.3.0/gems/web-console-2.3.0/lib/web_console/templates/_prompt_box_markup.html.erb within layouts/inlined_string (0.3ms)
  Rendered /var/lib/gems/2.3.0/gems/web-console-2.3.0/lib/web_console/templates/style.css.erb within layouts/inlined_string (0.3ms)
  Rendered /var/lib/gems/2.3.0/gems/web-console-2.3.0/lib/web_console/templates/console.js.erb within layouts/javascript (16.9ms)
  Rendered /var/lib/gems/2.3.0/gems/web-console-2.3.0/lib/web_console/templates/main.js.erb within layouts/javascript (0.3ms)
  Rendered /var/lib/gems/2.3.0/gems/web-console-2.3.0/lib/web_console/templates/error_page.js.erb within layouts/javascript (0.4ms)
  Rendered /var/lib/gems/2.3.0/gems/web-console-2.3.0/lib/web_console/templates/index.html.erb (33.6ms)


Started GET "/zologicos" for 127.0.0.1 at 2016-11-15 19:20:39 -0600
Processing by ZologicosController#index as HTML
  [1m[35mZologico Load (0.2ms)[0m  SELECT "zologicos".* FROM "zologicos"
  Rendered zologicos/index.html.erb within layouts/application (40.5ms)
Completed 500 Internal Server Error in 43ms

ActionView::Template::Error (undefined local variable or method `animal' for #<#<Class:0x00000002f1ea80>:0x00000003343368>):
    13:   <tbody>
    14:     <% @zologicos.each do |zologico| %>
    15:       <tr>
    16:       <td><%=animal.name =%> | <%= animal.type =%> </td>
    17:         <td><%= zologico.name %></td>
    18:         <td><%= link_to 'Show', zologico %></td>
    19:         <td><%= link_to 'Edit', edit_zologico_path(zologico) %></td>
  app/views/zologicos/index.html.erb:16:in `block in _app_views_zologicos_index_html_erb___3475992249296517223_24400580'
  app/views/zologicos/index.html.erb:14:in `_app_views_zologicos_index_html_erb___3475992249296517223_24400580'


  Rendered /var/lib/gems/2.3.0/gems/actionpack-4.2.0/lib/action_dispatch/middleware/templates/rescues/_source.erb (7.4ms)
  Rendered /var/lib/gems/2.3.0/gems/actionpack-4.2.0/lib/action_dispatch/middleware/templates/rescues/_trace.html.erb (3.3ms)
  Rendered /var/lib/gems/2.3.0/gems/actionpack-4.2.0/lib/action_dispatch/middleware/templates/rescues/_request_and_response.html.erb (0.9ms)
  Rendered /var/lib/gems/2.3.0/gems/actionpack-4.2.0/lib/action_dispatch/middleware/templates/rescues/template_error.html.erb within rescues/layout (25.3ms)
  Rendered /var/lib/gems/2.3.0/gems/web-console-2.3.0/lib/web_console/templates/_markup.html.erb (0.5ms)
  Rendered /var/lib/gems/2.3.0/gems/web-console-2.3.0/lib/web_console/templates/_inner_console_markup.html.erb within layouts/inlined_string (0.3ms)
  Rendered /var/lib/gems/2.3.0/gems/web-console-2.3.0/lib/web_console/templates/_prompt_box_markup.html.erb within layouts/inlined_string (0.3ms)
  Rendered /var/lib/gems/2.3.0/gems/web-console-2.3.0/lib/web_console/templates/style.css.erb within layouts/inlined_string (0.4ms)
  Rendered /var/lib/gems/2.3.0/gems/web-console-2.3.0/lib/web_console/templates/console.js.erb within layouts/javascript (16.0ms)
  Rendered /var/lib/gems/2.3.0/gems/web-console-2.3.0/lib/web_console/templates/main.js.erb within layouts/javascript (0.3ms)
  Rendered /var/lib/gems/2.3.0/gems/web-console-2.3.0/lib/web_console/templates/error_page.js.erb within layouts/javascript (0.4ms)
  Rendered /var/lib/gems/2.3.0/gems/web-console-2.3.0/lib/web_console/templates/index.html.erb (31.9ms)


Started GET "/" for 127.0.0.1 at 2016-11-15 19:42:49 -0600
  [1m[36mActiveRecord::SchemaMigration Load (0.1ms)[0m  [1mSELECT "schema_migrations".* FROM "schema_migrations"[0m
Processing by AnimalsController#getAllAnimal as HTML
  Rendered animals/getAllAnimal.html.erb within layouts/application (1.1ms)
Completed 200 OK in 404ms (Views: 391.7ms | ActiveRecord: 0.0ms)


Started GET "/assets/animals.self-e3b0c44298fc1c149afbf4c8996fb92427ae41e4649b934ca495991b7852b855.css?body=1" for 127.0.0.1 at 2016-11-15 19:42:49 -0600


Started GET "/assets/scaffolds.self-ed6ea14ede6ace93a7eb70ad6e35886c53a136310e9931e43965047f10c2b73c.css?body=1" for 127.0.0.1 at 2016-11-15 19:42:49 -0600


Started GET "/assets/animals.self-877aef30ae1b040ab8a3aba4e3e309a11d7f2612f44dde450b5c157aa5f95c05.js?body=1" for 127.0.0.1 at 2016-11-15 19:42:49 -0600


Started GET "/assets/pages.self-e3b0c44298fc1c149afbf4c8996fb92427ae41e4649b934ca495991b7852b855.css?body=1" for 127.0.0.1 at 2016-11-15 19:42:49 -0600


Started GET "/assets/zologicos.self-e3b0c44298fc1c149afbf4c8996fb92427ae41e4649b934ca495991b7852b855.css?body=1" for 127.0.0.1 at 2016-11-15 19:42:49 -0600


Started GET "/assets/application.self-e80e8f2318043e8af94dddc2adad5a4f09739a8ebb323b3ab31cd71d45fd9113.css?body=1" for 127.0.0.1 at 2016-11-15 19:42:49 -0600


Started GET "/assets/jquery.self-bd7ddd393353a8d2480a622e80342adf488fb6006d667e8b42e4c0073393abee.js?body=1" for 127.0.0.1 at 2016-11-15 19:42:49 -0600


Started GET "/assets/jquery_ujs.self-784a997f6726036b1993eb2217c9cb558e1cbb801c6da88105588c56f13b466a.js?body=1" for 127.0.0.1 at 2016-11-15 19:42:49 -0600


Started GET "/assets/turbolinks.self-c5acd7a204f5f25ce7a1d8a0e4d92e28d34c9e2df2c7371cd7af88e147e4ad82.js?body=1" for 127.0.0.1 at 2016-11-15 19:42:49 -0600


Started GET "/assets/pages.self-877aef30ae1b040ab8a3aba4e3e309a11d7f2612f44dde450b5c157aa5f95c05.js?body=1" for 127.0.0.1 at 2016-11-15 19:42:49 -0600


Started GET "/assets/zologicos.self-877aef30ae1b040ab8a3aba4e3e309a11d7f2612f44dde450b5c157aa5f95c05.js?body=1" for 127.0.0.1 at 2016-11-15 19:42:49 -0600


Started GET "/assets/application.self-3a3c8b61bda630ee689740ce7cbd0dd8ea6fdd45e2c42eef4661ab38cf268afe.js?body=1" for 127.0.0.1 at 2016-11-15 19:42:49 -0600
